  aimbot.cpp
D:\Users\Garrett\Desktop\jaqqlite\jaqqlite\game\il2cpp.hpp(38,12): warning C4200: nonstandard extension used: zero-sized array in struct/union
D:\Users\Garrett\Desktop\jaqqlite\jaqqlite\game\il2cpp.hpp(38,12): message : This member will be ignored by a defaulted constructor or copy/move assignment operator
D:\Users\Garrett\Desktop\jaqqlite\jaqqlite\aimbot.cpp(36,26): warning C4018: '<': signed/unsigned mismatch
D:\Users\Garrett\Desktop\jaqqlite\jaqqlite\aimbot.cpp(123,93): warning C4244: 'argument': conversion from 'int' to 'float', possible loss of data
D:\Users\Garrett\Desktop\jaqqlite\jaqqlite\aimbot.cpp(123,63): warning C4244: 'argument': conversion from 'int' to 'float', possible loss of data
D:\Users\Garrett\Desktop\jaqqlite\jaqqlite\aimbot.cpp(149,92): warning C4244: 'argument': conversion from 'int' to 'float', possible loss of data
D:\Users\Garrett\Desktop\jaqqlite\jaqqlite\aimbot.cpp(149,62): warning C4244: 'argument': conversion from 'int' to 'float', possible loss of data
D:\Users\Garrett\Desktop\jaqqlite\jaqqlite\aimbot.cpp(158,94): warning C4244: 'argument': conversion from 'int' to 'const float', possible loss of data
D:\Users\Garrett\Desktop\jaqqlite\jaqqlite\aimbot.cpp(175,205): warning C4244: 'argument': conversion from 'int' to 'float', possible loss of data
D:\Users\Garrett\Desktop\jaqqlite\jaqqlite\aimbot.cpp(175,182): warning C4244: 'argument': conversion from 'int' to 'float', possible loss of data
D:\Users\Garrett\Desktop\jaqqlite\jaqqlite\aimbot.cpp(175,124): warning C4244: 'argument': conversion from 'int' to 'float', possible loss of data
D:\Users\Garrett\Desktop\jaqqlite\jaqqlite\aimbot.cpp(175,64): warning C4244: 'argument': conversion from 'int' to 'float', possible loss of data
  settings.cpp
D:\Users\Garrett\Desktop\jaqqlite\jaqqlite\utils\settings.cpp(88,20): warning C4305: 'initializing': truncation from 'double' to 'float'
D:\Users\Garrett\Desktop\jaqqlite\jaqqlite\utils\settings.cpp(108,20): warning C4305: 'initializing': truncation from 'double' to 'float'
D:\Users\Garrett\Desktop\jaqqlite\jaqqlite\utils\settings.cpp(133,20): warning C4305: 'initializing': truncation from 'double' to 'float'
D:\Users\Garrett\Desktop\jaqqlite\jaqqlite\utils\settings.cpp(202,35): warning C4305: 'initializing': truncation from 'double' to 'float'
LINK : warning LNK4075: ignoring '/INCREMENTAL' due to '/LTCG' specification
  Generating code
  370 of 1720 functions (21.5%) were compiled, the rest were copied from previous compilation.
    20 functions were new in current compilation
    18 functions had inline decision re-evaluated but remain unchanged
  Finished generating code
  jaqqlite.vcxproj -> D:\Users\Garrett\Desktop\jaqqlite\x64\Release\rustsoftware.com.dll
