d:\users\garrett\desktop\jaqqlite\jaqqlite\x64\release\settings.obj
d:\users\garrett\desktop\jaqqlite\jaqqlite\x64\release\memory.obj
d:\users\garrett\desktop\jaqqlite\jaqqlite\x64\release\math.obj
d:\users\garrett\desktop\jaqqlite\jaqqlite\x64\release\offsets.obj
d:\users\garrett\desktop\jaqqlite\jaqqlite\x64\release\il2cpp.obj
d:\users\garrett\desktop\jaqqlite\jaqqlite\x64\release\classes.obj
d:\users\garrett\desktop\jaqqlite\jaqqlite\x64\release\misc.obj
d:\users\garrett\desktop\jaqqlite\jaqqlite\x64\release\esp.obj
d:\users\garrett\desktop\jaqqlite\jaqqlite\x64\release\aimbot.obj
d:\users\garrett\desktop\jaqqlite\jaqqlite\x64\release\main.obj
d:\users\garrett\desktop\jaqqlite\x64\release\rustsoftware.com.dll
d:\users\garrett\desktop\jaqqlite\jaqqlite\x64\release\rustsoftware.com.ipdb
d:\users\garrett\desktop\jaqqlite\jaqqlite\x64\release\rustsoftware.com.iobj
d:\users\garrett\desktop\jaqqlite\x64\release\rustsoftware.com.pdb
d:\users\garrett\desktop\jaqqlite\jaqqlite\x64\release\rustsoftware.com.tlog\cl.command.1.tlog
d:\users\garrett\desktop\jaqqlite\jaqqlite\x64\release\rustsoftware.com.tlog\cl.read.1.tlog
d:\users\garrett\desktop\jaqqlite\jaqqlite\x64\release\rustsoftware.com.tlog\cl.write.1.tlog
d:\users\garrett\desktop\jaqqlite\jaqqlite\x64\release\rustsoftware.com.tlog\link.command.1.tlog
d:\users\garrett\desktop\jaqqlite\jaqqlite\x64\release\rustsoftware.com.tlog\link.read.1.tlog
d:\users\garrett\desktop\jaqqlite\jaqqlite\x64\release\rustsoftware.com.tlog\link.write.1.tlog
